<?xml version="1.0" encoding="UTF-8"?>
<!-- Generated by org.testng.reporters.JUnitXMLReporter -->
<testsuite ignored="6" hostname="CISPL-IO-539" failures="0" tests="1" name="Reports Overview Validation Test" time="58.442" errors="0" timestamp="2026-05-29T12:12:21 IST">
  <testcase classname="Product_Codeclouds.Project.Simplified.Reports_Module" name="Open_Job_Count_of_Report_Check" time="54.599"/>
  <testcase classname="Product_Codeclouds.Project.Simplified.Candidate_module" name="Candidate_Interview_scheduling" time="0.0">
    <ignored/>
  </testcase> <!-- Candidate_Interview_scheduling -->
  <testcase classname="Product_Codeclouds.Project.Simplified.Candidate_module" name="Search_Check" time="0.0">
    <ignored/>
  </testcase> <!-- Search_Check -->
  <testcase classname="Product_Codeclouds.Project.Simplified.Candidate_module" name="CV_upload" time="0.0">
    <ignored/>
  </testcase> <!-- CV_upload -->
  <testcase classname="Product_Codeclouds.Project.Simplified.Job_Module" name="Job_Add" time="0.0">
    <ignored/>
  </testcase> <!-- Job_Add -->
  <testcase classname="Product_Codeclouds.Project.Simplified.Candidate_module" name="Add_Candidate" time="0.0">
    <ignored/>
  </testcase> <!-- Add_Candidate -->
  <testcase classname="Product_Codeclouds.Project.Simplified.Simplified_hire_login" name="Simplified_Hire_Accessor" time="0.0">
    <ignored/>
  </testcase> <!-- Simplified_Hire_Accessor -->
</testsuite> <!-- Reports Overview Validation Test -->
