<?xml version="1.0" encoding="UTF-8"?>
<!-- Generated by org.testng.reporters.JUnitXMLReporter -->
<testsuite ignored="6" hostname="CISPL-IO-539" failures="0" tests="2" name="Reports Overview Validation Test" time="96.869" errors="0" timestamp="2026-06-05T13:00:33 IST">
  <testcase classname="Product_Codeclouds.Project.Simplified.Reports_Module" name="Open_Job_Count_of_Report_Check" time="54.467"/>
  <testcase classname="Product_Codeclouds.Project.Simplified.Reports_Module" name="upcoming_interview_count_check" time="38.67"/>
  <testcase classname="Product_Codeclouds.Project.Simplified.Candidate_module" name="Candidate_Interview_scheduling" time="0.0">
    <ignored/>
  </testcase> <!-- Candidate_Interview_scheduling -->
  <testcase classname="Product_Codeclouds.Project.Simplified.Candidate_module" name="Search_Check" time="0.0">
    <ignored/>
  </testcase> <!-- Search_Check -->
  <testcase classname="Product_Codeclouds.Project.Simplified.Candidate_module" name="CV_upload" time="0.0">
    <ignored/>
  </testcase> <!-- CV_upload -->
  <testcase classname="Product_Codeclouds.Project.Simplified.Simplified_hire_login" name="Simplified_Hire_Accessor" time="0.0">
    <ignored/>
  </testcase> <!-- Simplified_Hire_Accessor -->
  <testcase classname="Product_Codeclouds.Project.Simplified.Candidate_module" name="Add_Candidate" time="0.0">
    <ignored/>
  </testcase> <!-- Add_Candidate -->
  <testcase classname="Product_Codeclouds.Project.Simplified.Job_Module" name="Job_Add" time="0.0">
    <ignored/>
  </testcase> <!-- Job_Add -->
</testsuite> <!-- Reports Overview Validation Test -->
