<?xml version="1.0" encoding="UTF-8"?>
<!-- Generated by org.testng.reporters.JUnitXMLReporter -->
<testsuite ignored="3" hostname="CISPL-IO-539" failures="0" tests="1" name="Default test" time="65.395" errors="0" timestamp="2026-04-24T22:34:28 IST">
  <testcase classname="Product_Codeclouds.Project.Simplified.Reports_Module" name="overview_section_Data_Consistency_checking" time="62.975"/>
  <testcase classname="Product_Codeclouds.Project.Simplified.Candidate_module" name="CV_upload" time="0.0">
    <ignored/>
  </testcase> <!-- CV_upload -->
  <testcase classname="Product_Codeclouds.Project.Simplified.Candidate_module" name="Add_Candidate" time="0.0">
    <ignored/>
  </testcase> <!-- Add_Candidate -->
  <testcase classname="Product_Codeclouds.Project.Simplified.Simplified_hire_login" name="Simplified_Hire_Accessor" time="0.0">
    <ignored/>
  </testcase> <!-- Simplified_Hire_Accessor -->
</testsuite> <!-- Default test -->
