<?xml version="1.0" encoding="UTF-8"?>
<testng-results ignored="0" total="1" passed="1" failed="0" skipped="0">
  <reporter-output>
  </reporter-output>
  <suite started-at="2026-04-09T17:24:37 IST" name="Default suite" finished-at="2026-04-09T17:25:11 IST" duration-ms="33532">
    <groups>
    </groups>
    <test started-at="2026-04-09T17:24:37 IST" name="Default test" finished-at="2026-04-09T17:25:11 IST" duration-ms="33532">
      <class name="Product_Codeclouds.Project.Simplified.Simplified_hire_login">
        <test-method is-config="true" signature="setup()[pri:0, instance:Product_Codeclouds.Project.Simplified.Simplified_hire_login@3857f613]" started-at="2026-04-09T17:24:37 IST" name="setup" finished-at="2026-04-09T17:24:40 IST" duration-ms="2286" status="PASS">
          <reporter-output>
          </reporter-output>
        </test-method> <!-- setup -->
        <test-method signature="Simplified_Hire_Accessor()[pri:0, instance:Product_Codeclouds.Project.Simplified.Simplified_hire_login@3857f613]" started-at="2026-04-09T17:24:40 IST" name="Simplified_Hire_Accessor" finished-at="2026-04-09T17:25:10 IST" duration-ms="30532" status="PASS">
          <reporter-output>
          </reporter-output>
        </test-method> <!-- Simplified_Hire_Accessor -->
        <test-method is-config="true" signature="Kill()[pri:0, instance:Product_Codeclouds.Project.Simplified.Simplified_hire_login@3857f613]" started-at="2026-04-09T17:25:10 IST" name="Kill" finished-at="2026-04-09T17:25:11 IST" duration-ms="644" status="PASS">
          <reporter-output>
          </reporter-output>
        </test-method> <!-- Kill -->
      </class> <!-- Product_Codeclouds.Project.Simplified.Simplified_hire_login -->
    </test> <!-- Default test -->
  </suite> <!-- Default suite -->
</testng-results>
