<?xml version="1.0" encoding="UTF-8"?>
<testng-results ignored="7" total="8" passed="1" failed="0" skipped="0">
  <reporter-output>
  </reporter-output>
  <suite started-at="2026-06-04T12:19:05 IST" name="Default suite" finished-at="2026-06-04T12:19:50 IST" duration-ms="44560">
    <groups>
    </groups>
    <test started-at="2026-06-04T12:19:05 IST" name="Default test" finished-at="2026-06-04T12:19:50 IST" duration-ms="44560">
      <class name="Product_Codeclouds.Project.Simplified.Reports_Module">
        <test-method is-config="true" signature="setup()[pri:0, instance:Product_Codeclouds.Project.Simplified.Reports_Module@37ceb1df]" started-at="2026-06-04T12:19:05 IST" name="setup" finished-at="2026-06-04T12:19:08 IST" duration-ms="2244" status="PASS">
          <reporter-output>
          </reporter-output>
        </test-method> <!-- setup -->
        <test-method signature="upcoming_interview_count_check()[pri:0, instance:Product_Codeclouds.Project.Simplified.Reports_Module@37ceb1df]" started-at="2026-06-04T12:19:08 IST" name="upcoming_interview_count_check" finished-at="2026-06-04T12:19:50 IST" duration-ms="41834" status="PASS">
          <reporter-output>
          </reporter-output>
        </test-method> <!-- upcoming_interview_count_check -->
        <test-method is-config="true" signature="Kill()[pri:0, instance:Product_Codeclouds.Project.Simplified.Reports_Module@37ceb1df]" started-at="2026-06-04T12:19:50 IST" name="Kill" finished-at="2026-06-04T12:19:50 IST" duration-ms="413" status="PASS">
          <reporter-output>
          </reporter-output>
        </test-method> <!-- Kill -->
      </class> <!-- Product_Codeclouds.Project.Simplified.Reports_Module -->
    </test> <!-- Default test -->
  </suite> <!-- Default suite -->
</testng-results>
