<?xml version="1.0" encoding="UTF-8"?>
<!-- Generated by org.testng.reporters.JUnitReportReporter -->
<testsuite hostname="CISPL-IO-539" failures="0" tests="1" name="Product_Codeclouds.Project.Simplified.Book_A_Demo_form_fillup" time="27.861" errors="0" timestamp="2026-06-10T15:21:09 IST" skipped="0">
  <testcase classname="Product_Codeclouds.Project.Simplified.Book_A_Demo_form_fillup" name="book_a_demo_form_fillup" time="27.861"/>
</testsuite> <!-- Product_Codeclouds.Project.Simplified.Book_A_Demo_form_fillup -->
