<?xml version="1.0" encoding="UTF-8"?>
<!-- Generated by org.testng.reporters.JUnitReportReporter -->
<testsuite hostname="CISPL-IO-539" failures="0" tests="1" name="Runner_Cucumber.Login_Runner" time="0.143" errors="1" timestamp="2026-04-10T13:31:12 IST" skipped="0">
  <testcase classname="Runner_Cucumber.Login_Runner" name="runScenario" time="0.143">
    <error message="Test name must not be null or empty" type="java.lang.IllegalArgumentException">
      <![CDATA[java.lang.IllegalArgumentException: Test name must not be null or empty
at com.aventstack.extentreports.util.Assert.notEmpty(Assert.java:12)
at com.aventstack.extentreports.ExtentTest.<init>(ExtentTest.java:97)
at com.aventstack.extentreports.ExtentTest.<init>(ExtentTest.java:118)
at com.aventstack.extentreports.ExtentReports.createTest(ExtentReports.java:231)
at com.aventstack.extentreports.ExtentReports.createTest(ExtentReports.java:245)
at Listerners.Report_Listen.start_cucumber_test(Report_Listen.java:26)
at Cucumber.Step.Definition.Java.Classes.Base_Cucumber.setup(Base_Cucumber.java:36)
]]>
    </error>
  </testcase> <!-- runScenario -->
</testsuite> <!-- Runner_Cucumber.Login_Runner -->
