<?xml version="1.0" encoding="UTF-8"?>
<!-- Generated by org.testng.reporters.JUnitReportReporter -->
<testsuite hostname="CISPL-IO-539" failures="0" tests="1" name="Product_Codeclouds.Project.Simplified.Job_Module" time="46.942" errors="1" timestamp="2026-04-14T18:38:35 IST" skipped="0">
  <testcase classname="Product_Codeclouds.Project.Simplified.Job_Module" name="Job_Add" time="46.942">
    <error message="Expected condition failed: waiting for visibility of all [[[[[ChromeDriver: chrome on windows (bca00d481f155f893a1d8f7dc9d1eccc)] -&gt; xpath: (//*[contains(@class,&#039;rc-virtual-list-holder&#039;)])[7]]] -&gt; xpath: .//div[contains(@class,&#039;ant-select-item ant-select-item-option&#039;)]], [[[[ChromeDriver: chrome on windows (bca00d481f155f893a1d8f7dc9d1eccc)] -&gt; xpath: (//*[contains(@class,&#039;rc-virtual-list-holder&#039;)])[7]]] -&gt; xpath: .//div[contains(@class,&#039;ant-select-item ant-select-item-option&#039;)]], [[[[ChromeDriver: chrome on windows (bca00d481f155f893a1d8f7dc9d1eccc)] -&gt; xpath: (//*[contains(@class,&#039;rc-virtual-list-holder&#039;)])[7]]] -&gt; xpath: .//div[contains(@class,&#039;ant-select-item ant-select-item-option&#039;)]], [[[[ChromeDriver: chrome on windows (bca00d481f155f893a1d8f7dc9d1eccc)] -&gt; xpath: (//*[contains(@class,&#039;rc-virtual-list-holder&#039;)])[7]]] -&gt; xpath: .//div[contains(@class,&#039;ant-select-item ant-select-item-option&#039;)]], [[[[ChromeDriver: chrome on windows (bca00d481f155f893a1d8f7dc9d1eccc)] -&gt; xpath: (//*[contains(@class,&#039;rc-virtual-list-holder&#039;)])[7]]] -&gt; xpath: .//div[contains(@class,&#039;ant-select-item ant-select-item-option&#039;)]], [[[[ChromeDriver: chrome on windows (bca00d481f155f893a1d8f7dc9d1eccc)] -&gt; xpath: (//*[contains(@class,&#039;rc-virtual-list-holder&#039;)])[7]]] -&gt; xpath: .//div[contains(@class,&#039;ant-select-item ant-select-item-option&#039;)]], [[[[ChromeDriver: chrome on windows (bca00d481f155f893a1d8f7dc9d1eccc)] -&gt; xpath: (//*[contains(@class,&#039;rc-virtual-list-holder&#039;)])[7]]] -&gt; xpath: .//div[contains(@class,&#039;ant-select-item ant-select-item-option&#039;)]], [[[[ChromeDriver: chrome on windows (bca00d481f155f893a1d8f7dc9d1eccc)] -&gt; xpath: (//*[contains(@class,&#039;rc-virtual-list-holder&#039;)])[7]]] -&gt; xpath: .//div[contains(@class,&#039;ant-select-item ant-select-item-option&#039;)]]] (tried for 10 second(s) with 500 milliseconds interval)
Build info: version: &#039;4.33.0&#039;, revision: &#039;2c6aaad03a&#039;
System info: os.name: &#039;Windows 11&#039;, os.arch: &#039;amd64&#039;, os.version: &#039;10.0&#039;, java.version: &#039;21.0.9&#039;
Driver info: org.openqa.selenium.chrome.ChromeDriver
Capabilities {acceptInsecureCerts: false, browserName: chrome, browserVersion: 147.0.7727.56, chrome: {chromedriverVersion: 147.0.7727.56 (b28eac7a1a97..., userDataDir: C:\Users\CODECL~1\AppData\L...}, fedcm:accounts: true, goog:chromeOptions: {debuggerAddress: localhost:63689}, goog:processID: 4252, networkConnectionEnabled: false, pageLoadStrategy: normal, platformName: windows, proxy: Proxy(), se:cdp: ws://localhost:63689/devtoo..., se:cdpVersion: 147.0.7727.56, setWindowRect: true, strictFileInteractability: false, timeouts: {implicit: 0, pageLoad: 300000, script: 30000}, unhandledPromptBehavior: dismiss and notify, webauthn:extension:credBlob: true, webauthn:extension:largeBlob: true, webauthn:extension:minPinLength: true, webauthn:extension:prf: true, webauthn:virtualAuthenticators: true}
Session ID: bca00d481f155f893a1d8f7dc9d1eccc" type="org.openqa.selenium.TimeoutException">
      <![CDATA[org.openqa.selenium.TimeoutException: Expected condition failed: waiting for visibility of all [[[[[ChromeDriver: chrome on windows (bca00d481f155f893a1d8f7dc9d1eccc)] -> xpath: (//*[contains(@class,'rc-virtual-list-holder')])[7]]] -> xpath: .//div[contains(@class,'ant-select-item ant-select-item-option')]], [[[[ChromeDriver: chrome on windows (bca00d481f155f893a1d8f7dc9d1eccc)] -> xpath: (//*[contains(@class,'rc-virtual-list-holder')])[7]]] -> xpath: .//div[contains(@class,'ant-select-item ant-select-item-option')]], [[[[ChromeDriver: chrome on windows (bca00d481f155f893a1d8f7dc9d1eccc)] -> xpath: (//*[contains(@class,'rc-virtual-list-holder')])[7]]] -> xpath: .//div[contains(@class,'ant-select-item ant-select-item-option')]], [[[[ChromeDriver: chrome on windows (bca00d481f155f893a1d8f7dc9d1eccc)] -> xpath: (//*[contains(@class,'rc-virtual-list-holder')])[7]]] -> xpath: .//div[contains(@class,'ant-select-item ant-select-item-option')]], [[[[ChromeDriver: chrome on windows (bca00d481f155f893a1d8f7dc9d1eccc)] -> xpath: (//*[contains(@class,'rc-virtual-list-holder')])[7]]] -> xpath: .//div[contains(@class,'ant-select-item ant-select-item-option')]], [[[[ChromeDriver: chrome on windows (bca00d481f155f893a1d8f7dc9d1eccc)] -> xpath: (//*[contains(@class,'rc-virtual-list-holder')])[7]]] -> xpath: .//div[contains(@class,'ant-select-item ant-select-item-option')]], [[[[ChromeDriver: chrome on windows (bca00d481f155f893a1d8f7dc9d1eccc)] -> xpath: (//*[contains(@class,'rc-virtual-list-holder')])[7]]] -> xpath: .//div[contains(@class,'ant-select-item ant-select-item-option')]], [[[[ChromeDriver: chrome on windows (bca00d481f155f893a1d8f7dc9d1eccc)] -> xpath: (//*[contains(@class,'rc-virtual-list-holder')])[7]]] -> xpath: .//div[contains(@class,'ant-select-item ant-select-item-option')]]] (tried for 10 second(s) with 500 milliseconds interval)
Build info: version: '4.33.0', revision: '2c6aaad03a'
System info: os.name: 'Windows 11', os.arch: 'amd64', os.version: '10.0', java.version: '21.0.9'
Driver info: org.openqa.selenium.chrome.ChromeDriver
Capabilities {acceptInsecureCerts: false, browserName: chrome, browserVersion: 147.0.7727.56, chrome: {chromedriverVersion: 147.0.7727.56 (b28eac7a1a97..., userDataDir: C:\Users\CODECL~1\AppData\L...}, fedcm:accounts: true, goog:chromeOptions: {debuggerAddress: localhost:63689}, goog:processID: 4252, networkConnectionEnabled: false, pageLoadStrategy: normal, platformName: windows, proxy: Proxy(), se:cdp: ws://localhost:63689/devtoo..., se:cdpVersion: 147.0.7727.56, setWindowRect: true, strictFileInteractability: false, timeouts: {implicit: 0, pageLoad: 300000, script: 30000}, unhandledPromptBehavior: dismiss and notify, webauthn:extension:credBlob: true, webauthn:extension:largeBlob: true, webauthn:extension:minPinLength: true, webauthn:extension:prf: true, webauthn:virtualAuthenticators: true}
Session ID: bca00d481f155f893a1d8f7dc9d1eccc
at org.openqa.selenium.support.ui.WebDriverWait.timeoutException(WebDriverWait.java:84)
at org.openqa.selenium.support.ui.FluentWait.until(FluentWait.java:228)
at Repeatative_codes.Repeat.wait_for_theElement(Repeat.java:47)
at Locaters.Job_Module_locaters.Fourth_dropdown_Options(Job_Module_locaters.java:123)
at Product_Codeclouds.Project.Simplified.Job_Module.Job_Add(Job_Module.java:316)
at java.base/jdk.internal.reflect.DirectMethodHandleAccessor.invoke(DirectMethodHandleAccessor.java:103)
at java.base/java.lang.reflect.Method.invoke(Method.java:580)
at org.testng.internal.invokers.MethodInvocationHelper.invokeMethod(MethodInvocationHelper.java:141)
at org.testng.internal.invokers.TestInvoker.invokeMethod(TestInvoker.java:687)
at org.testng.internal.invokers.TestInvoker.invokeTestMethod(TestInvoker.java:230)
at org.testng.internal.invokers.MethodRunner.runInSequence(MethodRunner.java:63)
at org.testng.internal.invokers.TestInvoker$MethodInvocationAgent.invoke(TestInvoker.java:995)
at org.testng.internal.invokers.TestInvoker.invokeTestMethods(TestInvoker.java:203)
at org.testng.internal.invokers.TestMethodWorker.invokeTestMethods(TestMethodWorker.java:154)
at org.testng.internal.invokers.TestMethodWorker.run(TestMethodWorker.java:134)
at java.base/java.util.ArrayList.forEach(ArrayList.java:1596)
at org.testng.TestRunner.privateRun(TestRunner.java:741)
at org.testng.TestRunner.run(TestRunner.java:616)
at org.testng.SuiteRunner.runTest(SuiteRunner.java:421)
at org.testng.SuiteRunner.runSequentially(SuiteRunner.java:413)
at org.testng.SuiteRunner.privateRun(SuiteRunner.java:373)
at org.testng.SuiteRunner.run(SuiteRunner.java:312)
at org.testng.SuiteRunnerWorker.runSuite(SuiteRunnerWorker.java:52)
at org.testng.SuiteRunnerWorker.run(SuiteRunnerWorker.java:95)
at org.testng.TestNG.runSuitesSequentially(TestNG.java:1274)
at org.testng.TestNG.runSuitesLocally(TestNG.java:1208)
at org.testng.TestNG.runSuites(TestNG.java:1112)
at org.testng.TestNG.run(TestNG.java:1079)
at org.testng.remote.AbstractRemoteTestNG.run(AbstractRemoteTestNG.java:115)
at org.testng.remote.RemoteTestNG.initAndRun(RemoteTestNG.java:293)
at org.testng.remote.RemoteTestNG.main(RemoteTestNG.java:91)
]]>
    </error>
  </testcase> <!-- Job_Add -->
</testsuite> <!-- Product_Codeclouds.Project.Simplified.Job_Module -->
