<?xml version="1.0" encoding="UTF-8"?>
<!-- Generated by org.testng.reporters.JUnitReportReporter -->
<testsuite hostname="CISPL-IO-539" failures="0" tests="3" name="Product_Codeclouds.Project.Simplified.Job_Module" time="290.733" errors="0" timestamp="2026-04-28T16:55:21 IST" skipped="0">
  <testcase classname="Product_Codeclouds.Project.Simplified.Job_Module" name="Job_Add" time="90.462"/>
  <testcase classname="Product_Codeclouds.Project.Simplified.Job_Module" name="Job_Add" time="112.271"/>
  <testcase classname="Product_Codeclouds.Project.Simplified.Job_Module" name="Job_Add" time="88.000"/>
</testsuite> <!-- Product_Codeclouds.Project.Simplified.Job_Module -->
