<?xml version="1.0" encoding="UTF-8"?>
<!-- Generated by org.testng.reporters.JUnitReportReporter -->
<testsuite hostname="CISPL-IO-539" failures="0" tests="1" name="Product_Codeclouds.Project.Simplified.Reports_Module" time="56.577" errors="0" timestamp="2026-05-28T12:02:46 IST" skipped="0">
  <testcase classname="Product_Codeclouds.Project.Simplified.Reports_Module" name="overview_section_Data_Consistency_checking" time="56.577"/>
</testsuite> <!-- Product_Codeclouds.Project.Simplified.Reports_Module -->
