<?xml version="1.0" encoding="UTF-8"?>
<!-- Generated by org.testng.reporters.JUnitReportReporter -->
<testsuite hostname="CISPL-IO-539" failures="0" tests="1" name="Product_Codeclouds.Project.Simplified.Candidate_module" time="46.765" errors="0" timestamp="2026-06-05T14:32:05 IST" skipped="0">
  <testcase classname="Product_Codeclouds.Project.Simplified.Candidate_module" name="Candidate_status_data_fetcher" time="46.765"/>
</testsuite> <!-- Product_Codeclouds.Project.Simplified.Candidate_module -->
