<?xml version="1.0" encoding="UTF-8"?>
<!-- Generated by org.testng.reporters.JUnitReportReporter -->
<testsuite hostname="CISPL-IO-539" failures="0" tests="1" name="Product_Codeclouds.Project.Simplified.Simplified_hire_login" time="33.462" errors="0" timestamp="2026-04-09T17:25:12 IST" skipped="0">
  <testcase classname="Product_Codeclouds.Project.Simplified.Simplified_hire_login" name="Simplified_Hire_Accessor" time="33.462"/>
</testsuite> <!-- Product_Codeclouds.Project.Simplified.Simplified_hire_login -->
