<?xml version="1.0" encoding="UTF-8"?>
<!-- Generated by org.testng.reporters.JUnitReportReporter -->
<testsuite hostname="CISPL-IO-539" failures="0" tests="1" name="Product_Codeclouds.Project.Simplified.Reports_Module" time="44.491" errors="0" timestamp="2026-06-04T12:19:51 IST" skipped="0">
  <testcase classname="Product_Codeclouds.Project.Simplified.Reports_Module" name="upcoming_interview_count_check" time="44.491"/>
</testsuite> <!-- Product_Codeclouds.Project.Simplified.Reports_Module -->
